# JRE version: Java(TM) SE Runtime Environment (21.0.8+12) (build 21.0.8+12-LTS-250)
# Java VM: Java HotSpot(TM) 64-Bit Server VM (21.0.8+12-LTS-250, mixed mode, sharing, tiered, compressed oops, compressed class ptrs, g1 gc, windows-amd64)
GC Precious Log:
 CardTable entry size: 512
 Card Set container configuration: InlinePtr #cards 5 size 8 Array Of Cards #cards 12 size 40 Howl #buckets 4 coarsen threshold 1843 Howl Bitmap #cards 512 size 80 coarsen threshold 460 Card regions per heap region 1 cards per card region 2048
 CPUs: 8 total, 8 available
 Memory: 6005M
 Large Page Support: Disabled
 NUMA Support: Disabled
 Compressed Oops: Enabled (32-bit)
 Heap Region Size: 1M
 Heap Min Capacity: 256M
 Heap Initial Capacity: 256M
 Heap Max Capacity: 512M
 Pre-touch: Disabled
 Parallel Workers: 8
 Concurrent Workers: 2
 Concurrent Refinement Workers: 8
 Periodic GC: Disabled
Heap:
 garbage-first heap   total 262144K, used 130383K [0x00000000e0000000, 0x0000000100000000)
  region size 1024K, 50 young (51200K), 6 survivors (6144K)
 Metaspace       used 81830K, committed 87168K, reserved 458752K
  class space    used 10652K, committed 12672K, reserved 327680K
GC Heap History (20 events):
Event: 4028.428 GC heap before
{Heap before GC invocations=38 (full 2):
 garbage-first heap   total 262144K, used 235238K [0x00000000e0000000, 0x0000000100000000)
  region size 1024K, 127 young (130048K), 11 survivors (11264K)
 Metaspace       used 85361K, committed 87872K, reserved 458752K
  class space    used 11495K, committed 12736K, reserved 327680K
}
Event: 4028.526 GC heap after
{Heap after GC invocations=39 (full 2):
 garbage-first heap   total 262144K, used 116726K [0x00000000e0000000, 0x0000000100000000)
  region size 1024K, 10 young (10240K), 10 survivors (10240K)
 Metaspace       used 85361K, committed 87872K, reserved 458752K
  class space    used 11495K, committed 12736K, reserved 327680K
}
Event: 4031.074 GC heap before
{Heap before GC invocations=39 (full 2):
 garbage-first heap   total 262144K, used 235510K [0x00000000e0000000, 0x0000000100000000)
  region size 1024K, 124 young (126976K), 10 survivors (10240K)
 Metaspace       used 85936K, committed 88448K, reserved 458752K
  class space    used 11548K, committed 12800K, reserved 327680K
}
Event: 4031.087 GC heap after
{Heap after GC invocations=40 (full 2):
 garbage-first heap   total 262144K, used 122549K [0x00000000e0000000, 0x0000000100000000)
  region size 1024K, 13 young (13312K), 13 survivors (13312K)
 Metaspace       used 85936K, committed 88448K, reserved 458752K
  class space    used 11548K, committed 12800K, reserved 327680K
}
Event: 4401.787 GC heap before
{Heap before GC invocations=40 (full 2):
 garbage-first heap   total 262144K, used 147125K [0x00000000e0000000, 0x0000000100000000)
  region size 1024K, 38 young (38912K), 13 survivors (13312K)
 Metaspace       used 85986K, committed 88448K, reserved 458752K
  class space    used 11548K, committed 12800K, reserved 327680K
}
Event: 4401.867 GC heap after
{Heap after GC invocations=41 (full 2):
 garbage-first heap   total 262144K, used 117563K [0x00000000e0000000, 0x0000000100000000)
  region size 1024K, 3 young (3072K), 3 survivors (3072K)
 Metaspace       used 85986K, committed 88448K, reserved 458752K
  class space    used 11548K, committed 12800K, reserved 327680K
}
Event: 4650.998 GC heap before
{Heap before GC invocations=42 (full 2):
 garbage-first heap   total 262144K, used 243515K [0x00000000e0000000, 0x0000000100000000)
  region size 1024K, 124 young (126976K), 3 survivors (3072K)
 Metaspace       used 81797K, committed 87168K, reserved 458752K
  class space    used 10738K, committed 12672K, reserved 327680K
}
Event: 4651.054 GC heap after
{Heap after GC invocations=43 (full 2):
 garbage-first heap   total 262144K, used 117515K [0x00000000e0000000, 0x0000000100000000)
  region size 1024K, 3 young (3072K), 3 survivors (3072K)
 Metaspace       used 81797K, committed 87168K, reserved 458752K
  class space    used 10738K, committed 12672K, reserved 327680K
}
Event: 4999.072 GC heap before
{Heap before GC invocations=43 (full 2):
 garbage-first heap   total 262144K, used 243467K [0x00000000e0000000, 0x0000000100000000)
  region size 1024K, 124 young (126976K), 3 survivors (3072K)
 Metaspace       used 82136K, committed 87168K, reserved 458752K
  class space    used 10751K, committed 12672K, reserved 327680K
}
Event: 4999.168 GC heap after
{Heap after GC invocations=44 (full 2):
 garbage-first heap   total 262144K, used 101421K [0x00000000e0000000, 0x0000000100000000)
  region size 1024K, 4 young (4096K), 4 survivors (4096K)
 Metaspace       used 82136K, committed 87168K, reserved 458752K
  class space    used 10751K, committed 12672K, reserved 327680K
}
Event: 5001.372 GC heap before
{Heap before GC invocations=44 (full 2):
 garbage-first heap   total 262144K, used 185389K [0x00000000e0000000, 0x0000000100000000)
  region size 1024K, 88 young (90112K), 4 survivors (4096K)
 Metaspace       used 82192K, committed 87168K, reserved 458752K
  class space    used 10753K, committed 12672K, reserved 327680K
}
Event: 5001.418 GC heap after
{Heap after GC invocations=45 (full 2):
 garbage-first heap   total 262144K, used 105036K [0x00000000e0000000, 0x0000000100000000)
  region size 1024K, 7 young (7168K), 7 survivors (7168K)
 Metaspace       used 82192K, committed 87168K, reserved 458752K
  class space    used 10753K, committed 12672K, reserved 327680K
}
Event: 16327.761 GC heap before
{Heap before GC invocations=46 (full 2):
 garbage-first heap   total 262144K, used 240204K [0x00000000e0000000, 0x0000000100000000)
  region size 1024K, 139 young (142336K), 7 survivors (7168K)
 Metaspace       used 82203K, committed 87168K, reserved 458752K
  class space    used 10753K, committed 12672K, reserved 327680K
}
Event: 16327.968 GC heap after
{Heap after GC invocations=47 (full 2):
 garbage-first heap   total 262144K, used 102314K [0x00000000e0000000, 0x0000000100000000)
  region size 1024K, 6 young (6144K), 6 survivors (6144K)
 Metaspace       used 82203K, committed 87168K, reserved 458752K
  class space    used 10753K, committed 12672K, reserved 327680K
}
Event: 17896.546 GC heap before
{Heap before GC invocations=47 (full 2):
 garbage-first heap   total 262144K, used 241578K [0x00000000e0000000, 0x0000000100000000)
  region size 1024K, 142 young (145408K), 6 survivors (6144K)
 Metaspace       used 82289K, committed 87168K, reserved 458752K
  class space    used 10755K, committed 12672K, reserved 327680K
}
Event: 17896.665 GC heap after
{Heap after GC invocations=48 (full 2):
 garbage-first heap   total 262144K, used 87408K [0x00000000e0000000, 0x0000000100000000)
  region size 1024K, 7 young (7168K), 7 survivors (7168K)
 Metaspace       used 82289K, committed 87168K, reserved 458752K
  class space    used 10755K, committed 12672K, reserved 327680K
}
Event: 17897.355 GC heap before
{Heap before GC invocations=48 (full 2):
 garbage-first heap   total 262144K, used 113008K [0x00000000e0000000, 0x0000000100000000)
  region size 1024K, 34 young (34816K), 7 survivors (7168K)
 Metaspace       used 82326K, committed 87168K, reserved 458752K
  class space    used 10756K, committed 12672K, reserved 327680K
}
Event: 17897.378 GC heap after
{Heap after GC invocations=49 (full 2):
 garbage-first heap   total 262144K, used 87408K [0x00000000e0000000, 0x0000000100000000)
  region size 1024K, 7 young (7168K), 7 survivors (7168K)
 Metaspace       used 82326K, committed 87168K, reserved 458752K
  class space    used 10756K, committed 12672K, reserved 327680K
}
Event: 31047.189 GC heap before
{Heap before GC invocations=50 (full 2):
 garbage-first heap   total 262144K, used 238960K [0x00000000e0000000, 0x0000000100000000)
  region size 1024K, 153 young (156672K), 7 survivors (7168K)
 Metaspace       used 81830K, committed 87168K, reserved 458752K
  class space    used 10652K, committed 12672K, reserved 327680K
}
Event: 31047.448 GC heap after
{Heap after GC invocations=51 (full 2):
 garbage-first heap   total 262144K, used 86351K [0x00000000e0000000, 0x0000000100000000)
  region size 1024K, 6 young (6144K), 6 survivors (6144K)
 Metaspace       used 81830K, committed 87168K, reserved 458752K
  class space    used 10652K, committed 12672K, reserved 327680K
}

