# JRE version: Java(TM) SE Runtime Environment (21.0.8+12) (build 21.0.8+12-LTS-250)
# Java VM: Java HotSpot(TM) 64-Bit Server VM (21.0.8+12-LTS-250, mixed mode, sharing, tiered, compressed oops, compressed class ptrs, g1 gc, windows-amd64)
GC Precious Log:
 CardTable entry size: 512
 Card Set container configuration: InlinePtr #cards 5 size 8 Array Of Cards #cards 12 size 40 Howl #buckets 4 coarsen threshold 1843 Howl Bitmap #cards 512 size 80 coarsen threshold 460 Card regions per heap region 1 cards per card region 2048
 CPUs: 8 total, 8 available
 Memory: 6005M
 Large Page Support: Disabled
 NUMA Support: Disabled
 Compressed Oops: Enabled (32-bit)
 Heap Region Size: 1M
 Heap Min Capacity: 64M
 Heap Initial Capacity: 64M
 Heap Max Capacity: 64M
 Pre-touch: Disabled
 Parallel Workers: 8
 Concurrent Workers: 2
 Concurrent Refinement Workers: 8
 Periodic GC: Disabled
Heap:
 garbage-first heap   total 65536K, used 12219K [0x00000000fc000000, 0x0000000100000000)
  region size 1024K, 2 young (2048K), 1 survivors (1024K)
 Metaspace       used 9567K, committed 9856K, reserved 1114112K
  class space    used 1220K, committed 1344K, reserved 1048576K
GC Heap History (9 events):
Event: 0.962 GC heap before
{Heap before GC invocations=0 (full 0):
 garbage-first heap   total 65536K, used 22528K [0x00000000fc000000, 0x0000000100000000)
  region size 1024K, 23 young (23552K), 0 survivors (0K)
 Metaspace       used 1158K, committed 1280K, reserved 1114112K
  class space    used 76K, committed 128K, reserved 1048576K
}
Event: 0.967 GC heap after
{Heap after GC invocations=1 (full 0):
 garbage-first heap   total 65536K, used 5376K [0x00000000fc000000, 0x0000000100000000)
  region size 1024K, 3 young (3072K), 3 survivors (3072K)
 Metaspace       used 1158K, committed 1280K, reserved 1114112K
  class space    used 76K, committed 128K, reserved 1048576K
}
Event: 2.425 GC heap before
{Heap before GC invocations=1 (full 0):
 garbage-first heap   total 65536K, used 37120K [0x00000000fc000000, 0x0000000100000000)
  region size 1024K, 31 young (31744K), 3 survivors (3072K)
 Metaspace       used 8996K, committed 9344K, reserved 1114112K
  class space    used 1189K, committed 1344K, reserved 1048576K
}
Event: 2.433 GC heap after
{Heap after GC invocations=2 (full 0):
 garbage-first heap   total 65536K, used 12230K [0x00000000fc000000, 0x0000000100000000)
  region size 1024K, 4 young (4096K), 4 survivors (4096K)
 Metaspace       used 8996K, committed 9344K, reserved 1114112K
  class space    used 1189K, committed 1344K, reserved 1048576K
}
Event: 13157.641 GC heap before
{Heap before GC invocations=2 (full 0):
 garbage-first heap   total 65536K, used 40902K [0x00000000fc000000, 0x0000000100000000)
  region size 1024K, 32 young (32768K), 4 survivors (4096K)
 Metaspace       used 9564K, committed 9856K, reserved 1114112K
  class space    used 1220K, committed 1344K, reserved 1048576K
}
Event: 13157.705 GC heap after
{Heap after GC invocations=3 (full 0):
 garbage-first heap   total 65536K, used 12594K [0x00000000fc000000, 0x0000000100000000)
  region size 1024K, 1 young (1024K), 1 survivors (1024K)
 Metaspace       used 9564K, committed 9856K, reserved 1114112K
  class space    used 1220K, committed 1344K, reserved 1048576K
}
Event: 13161.733 GC heap before
{Heap before GC invocations=3 (full 0):
 garbage-first heap   total 65536K, used 44338K [0x00000000fc000000, 0x0000000100000000)
  region size 1024K, 32 young (32768K), 1 survivors (1024K)
 Metaspace       used 9567K, committed 9856K, reserved 1114112K
  class space    used 1220K, committed 1344K, reserved 1048576K
}
Event: 13162.654 GC heap after
{Heap after GC invocations=4 (full 0):
 garbage-first heap   total 65536K, used 12302K [0x00000000fc000000, 0x0000000100000000)
  region size 1024K, 1 young (1024K), 1 survivors (1024K)
 Metaspace       used 9567K, committed 9856K, reserved 1114112K
  class space    used 1220K, committed 1344K, reserved 1048576K
}
Event: 13162.784 GC heap before
{Heap before GC invocations=4 (full 0):
 garbage-first heap   total 65536K, used 14350K [0x00000000fc000000, 0x0000000100000000)
  region size 1024K, 3 young (3072K), 1 survivors (1024K)
 Metaspace       used 9567K, committed 9856K, reserved 1114112K
  class space    used 1220K, committed 1344K, reserved 1048576K
}

